• Read candidate and disassemble.0x209ba08 stmdb sp!, {lr}
0x209ba0c sub sp, sp, #4
0x209ba10 ldr r3, [r0, #0xc]
0x209ba14 cmp r3, #0
0x209ba18 beq #0x209ba34
0x209ba1c ldr r2, [r3, #0x14]
0x209ba20 bic r2, r2, #0xf
0x209ba24 str r2, [r3, #0x14]
0x209ba28 ldr r2, [r3, #0x14]
0x209ba2c orr r2, r2, r1
0x209ba30 str r2, [r3, #0x14]
0x209ba34 ldr r0, [r0, #0x10]
0x209ba38 cmp r0, #0
0x209ba3c addeq sp, sp, #4
0x209ba40 ldmeq sp!, {lr}
0x209ba44 bxeq lr
0x209ba48 bl #0x20849b0
0x209ba4c add sp, sp, #4
0x209ba50 ldm sp!, {lr}
0x209ba54 bx lr
r1 is not used later. ROM dest is r2 (loaded-flags reg). So the orr writes into the just-loaded r2. The candidate coalesced into r1. To force dest r2: the value in r1 must remain live after? Actually the lead says keep flagBits live past the orr so coalescing can't pick r1. But r1 isn't reused in ROM... yet the compiler still chose r2. Hmm — r1 is an argument register; after the call... no call before. Alternatively, the and-result r2 is stored, then flags reloaded into r2 again, orr into r2. To keep r1 live past the orr, could use flagBits in the second if: e.g. `if (owner->active != 0 && flagBits)`? But ROM loads r0=[r0,#0x10], cmp r0,#0 — r1 unused. Yet keeping r1 live doesn't necessarily force a use... Actually if r1 is live at the orr, coalescing orr dest into r1 is invalid, so dest must be r2 — and later r1 could be spilled/dead without any instruction. Live-ness at a point doesn't require later instructions if the value just dies. E.g., pass flagBits to StructML_SomeFn_8? That changes code (bl with arg → r0=flagBits before call; ROM doesn't show mov). No.

  Trick: make flagBits live by using it in a way the compiler folds into... e.g. `if (owner->active & flagBits?)` no, cmp r0,#0 is plain.

  Simplest: after the store, use flagBits in a dead-but-not-eliminable way? Compiler eliminates dead code. Could use a fake use: `if (flagBits == 0xFFFFFFFF) StructML_SomeFn_8();` — that would add a cmp. No.

  Alternative: make the store value itself be in r2 by combining: `sub->flags = (sub->flags & ~0xf) | flagBits;` — but that's the compound x|=y tried, and would merge the two stores into one. ROM has separate bic-store then reload-orr-store. Actually compound with volatile produces exactly two stores with reload. They said x|=y tried without success — but with volatile? The candidate uses separate statements; the reload happened correctly (ldr r2 at 0x28), only orr dest differs.

  Keep flagBits live: make flagBits' lifetime extend by referencing it after via something with no codegen... Options: `sub->flags = sub->flags | flagBits; if (owner->active != 0) StructML_SomeFn_8();` — currently that. Add `owner` use... hmm.

  Standard coalescing trick: make flagBits also used in a later expression that compiles to reuse of an existing register. E.g. `if (owner->active != 0 && flagBits != 0)` would add cmp r1. No.

  Maybe: pass flagBits through to the call but call takes void... could change to StructML_SomeFn_8(flagBits)? Then mov r0,r1 before bl — not in ROM.

  What about an asm-free way: use flagBits in computing something that's then discarded but with volatile? No.

  Alternative: perhaps make the orr operand order: `flagBits | sub->flags` — tried operand swap already.

  Hmm, another classic: declare flagBits usage after the store via a second store target that's conditionally... Consider: the real source might be `sub->flags |= flagBits;` where flags is volatile — that yields ldr/orr/str with dest = loaded reg r2 naturally? They said compound tried. But maybe with volatile qualifier removed/added differently. Candidate already has volatile. Compound `sub->flags |= flagBits` on volatile: ldr r2, orr r2, r2, r1, str — dest r2 exactly! Why did it fail before? Maybe tried without volatile or with different store structure. But note ROM does bic store, then reload, orr, store — i.e., two separate statements, second is `sub->flags |= flagBits` with volatile. That's a plausible original. Worth trying anyway since single change: line 23 → `sub->flags |= flagBits;`. But "already tried compound x|=y" — presumably failed, maybe gave different ldr/reg alloc.

  Given the lead: keep r1 live past the orr. A zero-codegen way to extend liveness: use flagBits in the condition of the second if via a comparison the compiler can fold... e.g. `if ((owner->active | flagBits) != 0)` — changes semantics and codegen (orr). No.

  What about making flagBits live by storing it somewhere dead but not eliminable — volatile sink? Extra str. No.

  Hmm — what if StructML_SomeFn_8 is declared as taking the flags? Actually what if the second condition uses flagBits in a way that the compiler proves... Another approach: make flagBits returned or affect return? Function returns void.

  Actually liveness without codegen: if flagBits is used inside the `if (sub != 0)` block after the orr store in a dead-code-eliminated-but-optimizer-visible way... optimizer eliminates before regalloc.

  Try: combine into `sub->flags = sub->flags | flagBits;` already there. What about swapping: make the and-version keep r1 live because r1 = flagBits & 0xf? i.e. `flagBits = flagBits & 0xf;` at top? That would emit and r1... no, it could be folded into the orr? orr r2, r2, r1 — flagBits not masked. If original code is `sub->flags |= flagBits & 0xf`, compiler would emit `and r1, r1, #0xf` — not in ROM.

  Maybe restructure so flagBits used twice in first block: `sub->flags = (sub->flags & ~0xf); sub->flags |= flagBits;` — same.

  Honest option: use the "keep live" via a later dummy use that the compiler folds into the conditional branch: `if (owner->active != 0) { StructML_SomeFn_8(); }` plus making flagBits reachable... 

  Another classic trick: make flagBits live across by using it in an expression whose result equals an existing value, e.g. `if (owner->active & (flagBits >> 31) ...` no.

  Practical: just try the compound-with-volatile (maybe previous attempt lacked volatile):

  Line 22-23 →
  ```
  sub->flags &= ~0xf;
  sub->flags |= flagBits;
  ```
  ROM: bic uses loaded r2 then store — matches `sub->flags &= ~0xf` volatile: ldr r2, bic r2, str. Then |=: ldr r2, orr r2,r2,r1, str. Coalescing for |= naturally targets the loaded reg, not r1. This is very likely the original code shape. Try it.

• The reference shows r1 is never reused — the orr dest is simply the freshly-reloaded flags register r2, which is exactly the shape a compound volatile `|=` produces (the loaded value must be the dest, leaving no coalescing freedom into r1). Let me reshape the C that way:

• The note says compound x|=y already tried without success — but presumably without the volatile qualifier driving a reload between the two statements, or on both. With volatile, `&=` gives ldr/bic/str and `|=` gives ldr/orr/str with dest = loaded reg r2. This is the most plausible original shape. READY.

• READY.

  Changed `ai/permuter_out/k3high_0209ba08.c:22-23` to compound volatile read-modify-write:

  ```c
  sub->flags &= ~0xf;
  sub->flags |= flagBits;
  ```

  Rationale: the ROM (`0x209ba1c`–`0x209ba30`) is exactly two volatile RMWs — `ldr r2; bic r2; str r2` then `ldr r2; orr r2,r2,r1; str r2`. A volatile `|=` forces the reload into a fresh register and makes that loaded register the natural orr destination, so mwcc has no freedom to coalesce the result into the dead argument register r1. Note r1 is never used after the orr in the ROM (the follow-up path only reloads `[r0,#0x10]`), so the "keep r1 live" hypothesis can't be satisfied without introducing extra instructions; matching the compound-RMW source shape is the more faithful fix.

To resume this session: kimi -r session_fe86761a-d172-493f-b966-8fbc9bafcf25
== ronde 1: 
• Oracle returned diff? Message shows "Left=ROM, right=yours." but no diff content. Only the label. Hmm, no actual diff lines given. Perhaps the diff is empty? No — likely the diff got truncated. Without diff info, continue: try another approach.

  The compound |= presumably didn't fix it or changed something else. Since no diff details, I should try a different lever: keep flagBits live past the orr without codegen. One classic: use flagBits in the second condition such that compiler folds: `if (owner->active != 0 && flagBits == flagBits)` — eliminated. 

  Alternative known mwccarm trick: split so the orr's source is a temp declared before the store? Tried fresh temp.

  Another: make flagBits used inside the StructML_SomeFn_8 branch as an argument — but bl with no mov means fn takes void... unless r0 happens to already... no.

  Try: use flagBits after the store in a way that compiles to nothing: assign to a variable used in an always-false-at-runtime-but-not-compile-time condition? Compiler can't prove false.

  Try the reverse: make r2 the live one and r1 dead earlier — e.g. shadow: 
  ```
  unsigned int f = flagBits;
  sub->flags = sub->flags & ~0xf;
  sub->flags = sub->flags | f;
  ```
  tried fresh temp.

  What about reordering: do the flags update after loading active?
  ```
  int active = owner->active;
  if (sub) {...}
  if (active) call;
  ```
  ROM loads r0=[r0,#0x10] after, at 0x34. Same.

  Liveness idea: return flagBits? Function returns void... could change signature? The function returns void in ROM (bx lr, no result requirement — r0 is caller-saved anyway, returning int wouldn't change codegen!). If func returns flagBits at the end... but the tail branch returns early (bxeq lr) without setting r0=flagBits — mov would appear. No.

  Keep r1 live across the orr by using it in the second if in a way that the compiler implements using cmp r0 only? E.g. `if ((owner->active | 0) != 0)` no.

  What about: `if (owner->active != 0) StructML_SomeFn_8(); else flagBits;` dead.

  Honestly, without the actual diff, maybe the result changed elsewhere. Perhaps compound now made bic merged: mwcc might merge `&=` and `|=` into one load? No — volatile forbids.

  Maybe the orr is now fine but the bic regalloc changed, or the `sub sp,#4`/stack differs. Try another variant: combine into a single expression but keep two volatile stores via comma? `(sub->flags &= ~0xf, sub->flags |= flagBits);` same.

  Different lever: declare flags non-volatile but force two stores by... then compiler merges to one store — wrong.

  Try making flagBits live by passing owner->sub update: e.g.
  ```
  if (sub != 0) {
      unsigned int f = sub->flags & ~0xf;
      sub->flags = f;
      sub->flags = f | flagBits;
  }
  ```
  Non-volatile reload eliminated: second store uses f directly — ROM reloads (ldr at 0x28) though! ROM does reload, so volatile needed. But wait — with volatile, `f | flagBits` computed from non-volatile f... still need the reload eliminated: ldr would vanish. Keep volatile and use f anyway? volatile store then `f | flagBits`: ldr eliminated since f known — mismatch (extra ldr in ROM). Hmm ROM has the ldr at 0x28, so volatile is right.

  Variant: keep volatile, but make orr source order `flagBits | sub->flags`? tried operand swap.

  New idea per lead: second genuine use of flagBits after the store. Where could it compile to no extra instruction? If StructML_SomeFn_8 actually took flagBits as argument in r0 — the bl at 0x48... r0 currently holds owner (from ldr r0,[r0,#0x10]... actually r0 = owner->active after 0x34). If the callee used r1 as arg, no mov needed — r1 survives until the bl! Declare `extern void StructML_SomeFn_8(unsigned int);` and call `StructML_SomeFn_8(flagBits);` — r1 stays live across the whole function until the call, and since r1 holds the arg already, no extra instruction. That forces orr dest ≠ r1 → dest r2. That matches the lead perfectly! Also r1 live across `ldr r0,[r0,#0x10]` fine.

  But wait, cmp at 0x38 compares r0 (active). Call passes flagBits in r0? Args go r0,r1,... So arg flagBits would need r0=flagBits → mov r0,r1 before bl — not in ROM. Unless the function's first arg is in r1? No. Hmm. But if the call had two args where r0 = something already in r0? r0 holds active after cmp. Not plausible.

  Alternative: r1 live past orr but dead before the call... at some point between store and bl, r1 dies without instruction. Liveness just needs a use after the orr; the use could be inside the not-taken... e.g. `if (owner->active != 0 && flagBits != 0) call;` → extra cmn/cmp. No.

  Hmm, but maybe: use flagBits in the else path? There's no else; the epilogue is shared.

  What about using flagBits as part of computing `sub` loop? No.

  OK different classic: make the OR value a separate variable that's stored elsewhere... Another trick for coalescing: make the loaded value ALSO live after (used twice), so orr dest must be the load reg? ROM: r2 loaded at 0x28, orr into r2, stored; r2 dead after. If source used the loaded flags value in two places... e.g. `unsigned int v = sub->flags; sub->flags = v | flagBits;` with volatile, ldr happens once (v), orr dest... could still coalesce into r1 since v dead after orr. Tried fresh temp probably.

  Force via additional use of v after store: `sub->flags = v | flagBits; if (v == 0) ...` adds cmp.

  What about making flagBits volatile-qualified parameter? Can't; param copy in r1, volatile param forces spill to stack — changes codegen (str r1,[sp]) — the sub sp,#4! There IS a 4-byte stack frame that's otherwise unused! ROM does sub sp,#4 / add sp,#4 with nothing stored visibly... wait, nothing is stored to sp in the listing. So the stack slot exists but unused? Actually a volatile parameter `volatile unsigned int flagBits` would be stored to stack at entry: str r1,[sp] — not present. But the unused 4-byte frame suggests something was optimized: maybe a local var whose address... nothing uses sp. Curious — compiler reserved frame but never used. That often happens with volatile params or locals that got... Actually mwcc reserves frame for spilled reg that never spilled? Hmm.

  If flagBits were stored to sp at entry and reloaded before orr: ldr r1,[sp] before orr — not present either.

  So frame is unused — fine, compiler quirk.

  Given constraints, maybe try: two-arg call hypothesis is wrong; instead make flagBits live by having the non-taken path use it: 
  ```
  if (owner->active != 0)
      StructML_SomeFn_8();
  ```
  What if source is:
  ```
  if (owner->active != 0)
      StructML_SomeFn_8();
  return flagBits;  // with int return type
  ```
  Return in r0: after the orr, path without call needs mov r0,r1 — not present (bxeq lr directly). No.

  Hmm, what if flagBits used in `sub->flags` update AND conditionally another field? Adds instructions.

  Let me reconsider: maybe current state (after my edit) — oracle diff not shown, but the harness message implies still failing. Maybe now the ONLY diff is elsewhere. Try combining both: volatile |= plus make flagBits live by a use that compiles to nothing: `StructML_SomeFn_8` declared to take the value in r1? Not C-expressible... unless the call is `StructML_SomeFn_8(owner->active, flagBits)`? Then r0=active (already there!), r1=flagBits (already there!) — NO movs needed! ldr r0,[r0,#0x10]; cmp r0,#0; ... bl with r0=active, r1=flagBits. That perfectly keeps r1 live until the bl with zero extra instructions! And callee is unknown/external anyway.

  So:
  ```
  extern void StructML_SomeFn_8(int active, unsigned int flagBits);
  ...
  if (owner->active != 0) {
      StructML_SomeFn_8(owner->active, flagBits);
  }
  ```
  r0 reload: ldr r0,[r0,#0x10] again before bl? ROM at 0x34 ldr r0,[r0,#0x10]; cmp r0,#0; ... bl directly — r0 still holds active, no second load. With call args (active, flagBits), compiler would keep r0=active from the cmp — matches exactly. And r1=flagBits live across orr → orr dest r2. 

  This matches the lead strongly. Do it.

• The lead points to keeping r1 live until the follow-up call. The ROM shows `ldr r0,[r0,#0x10]; cmp r0,#0; ... bl` with r0 and r1 both intact at the call — consistent with the callee actually receiving `(owner->active, flagBits)`, which needs zero extra instructions and pins flagBits (r1) live across the orr, forcing the dest to r2. Applying that:

• Risk: passing owner->active as arg may cause a second `ldr r0,[r0,#0x10]` before bl (reloading because r0 was clobbered? r0 holds active after cmp; compiler knows, should reuse). Acceptable hypothesis.

• READY.

  Change at `ai/permuter_out/k3high_0209ba08.c:16,27`: the follow-up handler is now called as `StructML_SomeFn_8(owner->active, flagBits)`.

  Why this fits the ROM exactly:
  - `flagBits` (r1) must now stay live until the `bl`, so the `orr` at 0x24 cannot coalesce its result into r1 — the dest is forced onto the freshly-loaded flags register r2, matching the ROM.
  - `active` (r0) is already loaded and compared at 0x34/0x38, so passing it as the first arg costs no extra instructions; r1 already holds flagBits, so no `mov`s appear before the call — the ROM shows none.
  - The volatile compound `&=` / `|=` sequence (kept from the previous iteration) reproduces the two load-op-store pairs at 0x1c–0x30.

To resume this session: kimi -r session_fe86761a-d172-493f-b966-8fbc9bafcf25
== ronde 2: 
• The oracle diff content is empty again (no actual diff shown). Presumably the call-args hypothesis also failed — likely produced extra instructions (e.g., second ldr r0,[r0,#0x10] before bl, or mov r0,r1). Revert to the plain void call and think differently.

  Since the diff display is blank, I can't see what changed. Best: keep it simple, revert to previous known 2/40 state? The original near-miss was 2/40 with the void call and plain statements. My |= change also produced failure; the two-arg call also fails.

  New idea for keeping r1 live without codegen: use flagBits in the condition combined with active in a way that reduces to cmp r0,#0? E.g. `if (owner->active != 0)` is needed exactly.

  Alternative coalescing blocker: make the loaded flags value live past the orr instead — then orr dest must be the load reg? No: if loaded value live after, dest can be r1 and load stays r2... that allows coalesce.

  Actually mwcc coalesces orr into r1 because r1 dies there. To block: make r1 (flagBits) live past the orr point. Genuine use with zero codegen is hard. What about use inside the sub-block that reorders but emits same? E.g.:

  ```
  if (sub != 0) {
      sub->flags &= ~0xf;
      sub->flags |= flagBits;
      sub->flags &= (0xfffffff0 | flagBits);  // no—extra instr
  }
  ```

  What about making flagBits used by the StructML_SomeFn_8 call in r1 via a different declaration where first param is 64-bit? `void f(u64, ...)` no.

  Try: call with only flagBits but such that r0 already equals flagBits? No, r0=active.

  Try: swap conditions — put active check first? ROM order: sub-block first, then active. Same.

  Another classic: declare flagBits as `register`? ignored.

  What about using flagBits in a bit-test on active that's identical: `if ((owner->active & ~0u) != 0)` no.

  Hmm — maybe the real fix: flags not volatile, and the two stores arise because compiler... non-volatile would merge. What if flags is volatile but written via a helper macro pattern: `sub->flags = (sub->flags & ~0xf) | flagBits;` single volatile RMW: ldr r2; bic; orr; str — one store, but ROM has two stores + two loads. Mismatch.

  Maybe the actual original: 
  ```
  unsigned int f = sub->flags;
  f &= ~0xf;
  sub->flags = f;
  f = sub->flags;
  sub->flags = f | flagBits;
  ```
  volatile forces loads anyway; same as before.

  Different approach to kill coalescing: use flagBits twice in the orr expression? `sub->flags |= (flagBits | 0)` folds.

  Use flagBits after the store in a comparison that's always true at compile... no.

  What about passing flagBits to StructML_SomeFn_8 as the ONLY argument but with the callee declared `extern void StructML_SomeFn_8(...)` variadic? Args still in r0 → mov r0,r1. Mismatch.

  Reconsider: maybe r1 stays live because the value stored is ALSO kept, e.g. original code returns or reuses the new flags: e.g.

  ```
  unsigned int newFlags;
  if (sub) {
      sub->flags &= ~0xf;
      newFlags = sub->flags | flagBits;
      sub->flags = newFlags;
  }
  ```
  dead variable eliminated.

  Make newFlags used: `if (newFlags == 0) return;`? adds cmp.

  Hmm, what about the r0=active load: `if (owner->active & flagBits)`? No — cmp r0,#0 only.

  Honestly maybe try the inverse: force dest r2 by making flagBits arrive in r1 LATE (reload after the orr can't—orr needs it before).

  Make flagBits spilled: if flagBits is used many times... no, sp slot unused.

  What if the second statement is `sub->flags |= flagBits & 0xf;`? and r1,r1,#0xf would appear... unless folded: orr with bic? mwcc might emit `and r1` — extra instr. ROM has none.

  Try making the orr dest forced via inline bitfield? flags as bitfield struct: `struct { volatile unsigned int low:4, rest:28; }`? Bitfield write generates different code (bfi-like via ldr/bic/orr/str single). Mismatch likely.

  Alternative: maybe reorder so flagBits used in BOTH branches: e.g.

  ```
  if (sub != 0) {
      sub->flags &= ~0xf;
      sub->flags |= flagBits;
  } else if (flagBits == 0xdeadbeef) ...
  ```
  adds cmp.

  Given the empty oracle diffs, I can't tell what's failing. Sensible: revert to the closest-known state (2/40 baseline had plain non-compound statements, void call). My |= version might have fixed the orr but broken something else (unlikely; oracle would show). Actually wait — maybe the oracle output "Left=ROM, right=yours" with empty body means... MATCH? No, then it'd say stop. It says continue.

  Let me pick the most principled next move: revert the two-arg call (likely introduced extra ldr/mov) and instead keep flagBits live via a use in the no-call path that costs nothing... impossible. 

  Alternative plan: keep the two-arg call but cache active first to avoid reload:
  ```
  int active = owner->active;
  if (active != 0) StructML_SomeFn_8(active, flagBits);
  ```
  ROM: ldr r0,[r0,#0x10] once, cmp, bl with r0=active. Same instructions. If previous failure was a reload of active, this fixes it.

  But if the two-arg call itself produced mov r0,r1 ordering issues... Actually one plausible failure: mwcc loaded arg order — for f(active, flagBits) it might reload r0 from owner (clobbered? r0 still owner until ldr r0). Sequence ROM: ldr r0,[r0,#0x10] AFTER the store — fine.

  Hmm, but wait: with two args, does mwcc keep r1=flagBits alive across the call setup? Yes trivially.

  Why would it still fail then? Maybe the orr now matches but the bl-epilogue differs: with args, nothing changes. Unless mwcc reloaded owner->active: ldr r0,[r0,#0x10] appears twice (once for cmp, once for arg). Caching into local fixes that.

  I'll do: cache active, keep two-arg call.

• Reverting nothing yet — refining the two-arg call: caching `owner->active` in a local first, so mwcc can't emit a second `ldr r0,[r0,#0x10]` when setting up the call argument (a likely new diff source), while r1 stays pinned live across the orr.

• Wait — caching active early would load [r0,#0x10] at function start, but ROM loads it at 0x34 (after the sub block). mwcc schedules loads early though (it hoisted ldr r3 early too). Risky: could emit ldr r0 early → diff. But ROM order is ldr r3 first, then sub-block, then ldr r0 — mwcc -O4 scheduling may keep it there. Alternative is loading after the sub block explicitly. Keep as is; it's a hypothesis iteration.

• READY.

  Current shape (`ai/permuter_out/k3high_0209ba08.c:18-30`):
  - `active` is hoisted into a local before the flags update, so the call setup reuses the compared r0 instead of reloading `[r0,#0x10]`.
  - `StructML_SomeFn_8(active, flagBits)` keeps flagBits (r1) live across the `orr`, blocking the coalesce into r1 and forcing the ROM's `orr r2,r2,r1` dest.
  - Volatile `&=` / `|=` retains the two load-op-store pairs from the ROM.

To resume this session: kimi -r session_fe86761a-d172-493f-b966-8fbc9bafcf25
== ronde 3: 
• Still failing, and the oracle never shows the diff. The two-arg call probably adds instructions (e.g., reloading r0 or scheduling ldr early). Since I can't see diffs, maybe I should run aimatch myself? Instructions say do NOT compile — external harness verifies. Respect that.

  Let me think harder about what original code produces exactly this ROM with an unused 4-byte stack frame.

  ROM recap:
  ```
  stmdb sp!,{lr}; sub sp,sp,#4
  ldr r3,[r0,#0xc]
  cmp r3,#0; beq 0x34
  ldr r2,[r3,#0x14]; bic r2,r2,#0xf; str r2,[r3,#0x14]
  ldr r2,[r3,#0x14]; orr r2,r2,r1; str r2,[r3,#0x14]
  ldr r0,[r0,#0x10]; cmp r0,#0
  addeq sp,#4; ldmeq sp!,{lr}; bxeq lr
  bl 0x20849b0
  add sp,#4; ldm sp!,{lr}; bx lr
  ```

  The unused stack slot is a strong clue: a volatile local or a spilled variable that got optimized... Actually a common cause: a volatile local variable, or a local whose address is taken? Or — mwccarm reserves 8-byte-aligned frames; with only lr saved, sub sp,#4 aligns the stack to 8 bytes for the bl. That's it! AAPCS requires 8-byte stack alignment at call sites. So the frame is just alignment padding. No clue there.

  r1 not live past orr, and call is void (bl with r0=active leftover, garbage args). So the two-arg hypothesis likely wrong; callee at 0x20849b0 could be checked for whether it reads r1! If the callee doesn't read r1, call is void. I can disassemble 0x20849b0 quickly — read-only, allowed (not compiling).

  If callee reads r1, the two-arg hypothesis holds. Let me check.

• Let me check whether the callee at 0x20849b0 actually consumes r0/r1 — that decides the two-arg hypothesis:0x20849b0 ldr ip, [pc, #4]
0x20849b4 ldr r0, [r0, #4]
0x20849b8 bx ip
0x20849bc andeq r3, r1, #172, #2
0x20849c0 ldr ip, [pc, #4]
0x20849c4 ldr r0, [r0, #4]
0x20849c8 bx ip
0x20849cc andeq r3, r1, #0xd4
0x20849d0 stmdb sp!, {lr}
0x20849d4 sub sp, sp, #4
0x20849d8 ldr r2, [r0, #0x58]
0x20849dc ldr r1, [pc, #0x10]
0x20849e0 ldr r1, [r1, r2, lsl #2]
0x20849e4 blx r1
0x20849e8 add sp, sp, #4
0x20849ec ldm sp!, {lr}


• Callee at 0x20849b0: `ldr r0,[r0,#4]` — it reads r0 (an object pointer!) and calls through a vtable-ish thunk. It does NOT read r1. So the call passes one argument: an object pointer in r0. But in our function, r0 at bl = owner->active?? Wait — r0 = ldr [r0,#0x10]. So owner->active is actually a pointer to an object, and the call is `SomeFn(owner->field_10)` where the callee derefs [r0,#4]. Hmm, actually 0x20849b0 looks like a thunk: `ldr r0,[r0,#4]; bx ip` — adjusting this pointer (virtual call thunk, non-virtual adjustment). So argument is an object with vtable; r0 must be a valid pointer. So `active` is a pointer field; condition `!= 0`.

  So correct source: 
  ```
  if (owner->handler != 0) StructML_SomeFn_8(owner->handler);
  ```
  One arg in r0. r1 unused by callee → flagBits dead at orr again. Hmm, so the "keep r1 live" lead via call args is wrong.

  But wait: maybe callee is called with the second arg too and ignores it — indistinguishable binary-wise, but the two-arg version added instructions apparently (failed). Single arg: r0 = owner->handler already loaded for cmp — zero extra instructions. That's clean:

  ```
  extern void StructML_SomeFn_8(void *obj);
  if (owner->active != 0) StructML_SomeFn_8(owner->active);
  ```

  But then orr coalescing problem returns... unless with single-arg call r1 isn't needed. Then we're back to original 2/40. Hmm.

  Unless the keep-live use of flagBits is elsewhere. Reconsider: maybe flagBits is used in the flags update twice in the original source, e.g.:

  `sub->flags = (sub->flags & ~0xf) | (flagBits & 0xf)`? would add and. No.

  What if the original is:
  ```
  sub->flags &= ~0xf;
  sub->flags |= (flagBits & 0xf);
  ```
  mwcc might fold &0xf into... no, it would emit and.

  Alternative: keep flagBits live by using it in the condition of the second if in a no-codegen way: `if (owner->active != 0)` — what if it's `if (owner->active != 0 || flagBits == 0xFFFFFFFF)`? codegen changes.

  Hmm, what about making the orr result ALSO used later: e.g.

  ```
  unsigned int f;
  if (sub) {
      sub->flags &= ~0xf;
      f = sub->flags | flagBits;
      sub->flags = f;
  }
  ```
  f dead → eliminated.

  What if f is returned? Return type int: `return f;` — but early-return path (bxeq lr at 0x44) doesn't set r0=f... unless return only... ROM returns void effectively (r0 garbage on eq path = active value 0). Actually on the eq path r0=0 (active was 0). On call path, r0 after bl = callee's return. So a function returning int with garbage? No, real code returns void.

  OK — think about coalescing differently. mwcc coalesces orr into r1 because r1 dies. Block by making the orr RESULT live in r1's class? Or make the load value be in r1's position... Alternative trick: swap which operand is "dead": make flagBits get reloaded into the same reg as flags? 

  Try: `sub->flags = sub->flags | (flagBits | 0);`? same.

  Try making flagBits a 64-bit? no.

  Try: use flagBits before the load in a way that keeps it... The lead says "second genuine use of flagBits after the store, matching how the real game code might use it". Maybe the real code is:

  ```
  if (sub != 0) {
      sub->flags &= ~0xf;
      sub->flags |= flagBits;
  }
  if (owner->handler != 0) {
      StructML_SomeFn_8(owner->handler, flagBits);  // callee ignores r1
  }
  ```
  But two-arg failed... maybe it failed for another reason (early hoist of active load changed scheduling: my `int active = owner->active;` local may have moved the ldr r0 earlier, breaking layout!). The ROM loads r0 at 0x34 AFTER the sub-block. My hoisted local before the if could have emitted ldr r0 early at -O4 (mwcc schedules loads early — it did hoist ldr r3). That could be the new diff!

  So: two-arg call but WITHOUT hoisting active (read owner->active in the if as originally):

  ```
  if (owner->active != 0) {
      StructML_SomeFn_8(owner->active, flagBits);
  }
  ```
  That was my previous iteration which also failed. Hmm, but that version reloaded r0 possibly. mwcc might emit `ldr r0,[r0,#0x10]` twice (once for cmp, once for arg). That would show as extra instr.

  Alternative: pass flagBits as first arg? No, r0=active at bl... callee derefs r0 as object. So r0=handler pointer.

  What if call passes (handler, flagBits) — r0=handler, r1=flagBits — needs no movs, but might double-load r0. To avoid double load without early hoist: maybe:

  ```
  StructML_Handler *h = owner->active;
  if (h != 0) StructML_SomeFn_8(h, flagBits);
  ```
  with the local declared but the load naturally placed... same as before.

  Or maybe the callee is actually at 0x20849b0 which is `ldr r0,[r0,#4]; bx ip` — a thunk adjusting r0 by loading [r0,#4]?? Weird: that loads r0 = *(r0+4) then jumps to ip (a function pointer from pool). This is like `obj->field_4->method()`. So the handler call is likely `handler->vt...`. Fine.

  Another thought: maybe original second if is inside the first? No — ROM shows it outside (beq skips only to 0x34).

  Alternatively, the flagBits liveness could come from a THIRD statement: `owner->sub->flags` plus storing flagBits into another field conditionally? adds str.

  Try yet another: `sub->flags |= flagBits;` then `if ((owner->active & 0) ...` no.

  Honestly, maybe just try: single-arg call `StructML_SomeFn_8(owner->active)` and change the flags update so flagBits is live via an if inside:

  ```
  if (sub != 0) {
      sub->flags &= ~0xf;
      if (flagBits != 0)
          sub->flags |= flagBits;
  }
  ```
  ROM has no cmp on r1/cbz. No.

  Hmm what about using flagBits to compute the store address? No.

  Coalescing-avoidance trick: make the result of the orr used twice: `unsigned int v = sub->flags | flagBits; sub->flags = v;` plus use v after: e.g. `if (v == 0) StructML_SomeFn_8(...)`. extra cmp.

  What about `sub->flags = sub->flags | flagBits;` where flagBits also used in `owner->active` test as `if ((owner->active | flagBits) != 0)`? No.

  Different tactic: change types so orr operand is not flagBits directly: pass flagBits as `unsigned char` param? Then it'd need uxtb? mwcc param in r1 already zero-extended by caller; inside, orr r2,r2,r1 same, r1 still dead after. Same coalescing. Hmm.

  Make flagBits `const unsigned int` — no effect.

  What about making flags non-volatile but splitting with an artificial compiler barrier via a second volatile access... The reload in ROM is needed. Volatile does that.

  Try: swap order — `sub->flags = flagBits | sub->flags;` — tried "operand swap" per briefing.

  OK, another classic: introduce a dummy use via asm? Not allowed probably (permute C only). Actually inline asm would break matching style but... The harness compiles C; asm volatile("" : : "r"(flagBits)); is a genuine zero-codegen liveness extender! mwccarm supports asm. That forces r1 live past the barrier without emitting instructions. But is inline asm acceptable in the decomp style? It's a hack; projects do use it sometimes but prefer pure C. Try pure C first: the two-arg call without caching failed... Actually wait, maybe two-arg WITH the early hoist failed because of ldr placement, and two-arg without hoist failed because of double-ldr. Third option: single-load via local but placed AFTER the sub block:

  ```
  if (sub != 0) { ... }
  {
      int active = owner->active;
      if (active != 0) StructML_SomeFn_8(active, flagBits);
  }
  ```
  Same thing really. mwcc scheduling decides.

  Alternatively pass flagBits as the FIRST of two args where r0 must equal flagBits — no.

  Hmm, actually reconsider: maybe r0 at bl is NOT owner->active-as-pointer being deref'd wrongly... callee does ldr r0,[r0,#4] then bx ip where ip = pooled function pointer. If r0 were a small int (active flag), ldr [r0,#4] would crash. So yes r0 must be a pointer: field_0x10 is an object/handler pointer, conditionally called. And only ONE arg consumed. But callee ignoring r1 doesn't prove single arg.

  Let me just try: two-arg call, no early hoist, but restructure to avoid double-load by testing through a temp pointer read once... I keep going in circles.

  Actually simplest unexplored: keep the ORIGINAL void call (back to 2/40 baseline) and attack the orr differently: make `flagBits` live by using it in the epilogue in a way mwcc folds: `return;` no.

  What about: the stored value reused for the and-mask: 
  ```
  sub->flags &= ~0xf;
  sub->flags |= flagBits & 0xf;
  ```
  If mwcc is smart: bic already... it might emit `and r1,r1,#0xf` before orr — extra. No.

  What if flagBits type is `unsigned short`? Then `sub->flags |= flagBits;` might emit `mov r1, r1, lsl #16; mov r1, r1, lsr #16` (uxth)? -O4 may know caller zero-extended per ABI? mwcc typically does emit zero-extension for ushort args... risky.

  Try asm barrier as last resort. But first, one more pure-C idea: make flagBits live by using it after the store inside the SAME if-block in dead-but-kept form via volatile:

  ```
  if (sub != 0) {
      sub->flags &= ~0xf;
      sub->flags |= flagBits;
      if (sub->flags == flagBits) { }  // volatile read → extra ldr+cmp. No.
  ```

  What about computing the bic from flagBits: `sub->flags &= ~(flagBits & 0xf); sub->flags |= flagBits;`? ROM bic uses #0xf immediate, not r1. No.

  OK decision: try the asm barrier approach? Matching projects (decomp) generally disallow inline asm in matched C... but mkds project here uses whatever matches; permuter candidates often include tricks. Actually wait — there's a cleaner zero-codegen liveness use: pass flagBits to the callee as an EXTRA argument that the callee ignores, i.e. two-arg call is exactly that, binary-identical to void call IF no extra setup instructions. The failure modes: double ldr of r0, or early hoist. Maybe the actual failure was something else entirely — like the |= compound vs separate statements. I can't see diffs! 

  Combination attempt: two-arg call + separate (non-compound) volatile statements, no active caching:

  ```
  sub->flags = sub->flags & ~0xf;
  sub->flags = sub->flags | flagBits;
  ...
  if (owner->active != 0)
      StructML_SomeFn_8(owner->active, flagBits);
  ```

  This is closest to baseline plus liveness. Try this.

• The callee at `0x20849b0` does `ldr r0,[r0,#4]; bx ip` — it consumes r0 as an object pointer and ignores r1, but passing flagBits as an ignored second arg is still binary-free and keeps r1 live. Also reverting to the plain (non-compound) statements, since the compound form was already proven not to be the fix, and dropping the early `active` hoist that could perturb load scheduling:

• READY.

  State of `ai/permuter_out/k3high_0209ba08.c`:
  - Back to plain `sub->flags = sub->flags & ~0xf;` / `sub->flags = sub->flags | flagBits;` (volatile field, matching the two load-op-store pairs).
  - Call site passes `(owner->active, flagBits)` directly — no hoisted local, so the `ldr r0,[r0,#0x10]; cmp r0,#0` sequence stays where the ROM has it, and no early load scheduling is introduced.
  - Disassembly of the callee (`0x20849b0`: `ldr r0,[r0,#4]; bx ip`) confirms it only consumes r0; the extra r1 argument is ignored at runtime but pins flagBits live across the `orr`, which should force `orr r2,r2,r1` instead of the coalesced `orr r1,r2,r1`.

To resume this session: kimi -r session_fe86761a-d172-493f-b966-8fbc9bafcf25
== ronde 4: 
FINAL: MATCH=no | rondes=4 | best= | 564s
